[27965][1586436479932][main][info]["Booting Postman 7.18.0, linux-5.5.8-arch1-1 on x64"]
[27965][1586436479939][main][info]["EventBus~initialize - Success"]
[27965][1586436479945][main][info]["UpdateHandler~init - Success"]
[27965][1586436479965][main][info]["RuntimeExecutionService~initialized: Success"]
[27965][1586436479969][main][info]["LinuxAutoUpdater~Cleanup - Initial cleanup successful"]
[27965][1586436481214][main][info]["Bootstrap-models~bootstrap - Success"]
[27965][1586436484042][main][info]["window-manager~newSharedWindow: Shell loaded"]
[27965][1586436492144][main][info]["Main~AppEvents - Received booted event for process shared"]
[27965][1586436498755][main][info]["UpdateHandler~app-update-events - Received event",{"name":"checkForElectronVersionUpdated","namespace":"appUpdate"}]
[27965][1586436498809][main][info]["Main~AppEvents - Received booted event for process requester"]
[27965][1586436510174][main][info]["UpdateHandler~app-update-events - Received event",{"data":{"additionalParamsString":"installationId=e1337969-ab5e-4a9d-accd-930491aa7bed&userId=0&syncEnabled=false&teamPlan=","appId":"e1337969-ab5e-4a9d-accd-930491aa7bed","arch":"64","channel":"stable","downloadURL":"https://dl.pstmn.io/download/version/7.22.1/linux_64","downloadVersion":"7.22.1","platform":"LINUX","updateServerDomain":"https://dl.pstmn.io/","userAgent":"Mozilla/5.0 (X11; Linux x86_64) AppleWebKit/537.36 (KHTML, like Gecko) Postman/7.18.0 Chrome/69.0.3497.128 Electron/4.2.12 Safari/537.36","userId":"0","version":"7.18.0"},"name":"updateElectron","namespace":"appUpdate"}]
[27965][1586436510177][main][info]["LinuxUpdater~downloadUpdate - UpdateInfo received",{"additionalParamsString":"installationId=e1337969-ab5e-4a9d-accd-930491aa7bed&userId=0&syncEnabled=false&teamPlan=","appId":"e1337969-ab5e-4a9d-accd-930491aa7bed","arch":"64","channel":"stable","downloadURL":"https://dl.pstmn.io/download/version/7.22.1/linux_64","downloadVersion":"7.22.1","platform":"LINUX","updateServerDomain":"https://dl.pstmn.io/","userAgent":"Mozilla/5.0 (X11; Linux x86_64) AppleWebKit/537.36 (KHTML, like Gecko) Postman/7.18.0 Chrome/69.0.3497.128 Electron/4.2.12 Safari/537.36","userId":"0","version":"7.18.0"}]
[27965][1586436511588][main][info]["@postman/app-updater: error",{"errno":-13,"code":"EACCES","syscall":"open","path":"/usr/Postman-1586436510180.tar.gz","name":"Error","message":"EACCES: permission denied, open '/usr/Postman-1586436510180.tar.gz'","stack":"Error: EACCES: permission denied, open '/usr/Postman-1586436510180.tar.gz'"},{"packageName":"Postman","eID":"Postman-1586436510180","downloadURL":"https://dl.pstmn.io/download/version/7.22.1/linux_64","downloadDirectory":"/usr","downloadInfo":{"status":"DOWNLOAD_ERROR","error":{"errno":-13,"code":"EACCES","syscall":"open","path":"/usr/Postman-1586436510180.tar.gz"},"downloadDirectory":"/usr"}}]
[27965][1586436511596][main][info]["UpdateHandler~app-update-events - Received event",{"name":"electronAppUpdateError","namespace":"appUpdate","data":{"error":{"errno":-13,"code":"EACCES","syscall":"open","path":"/usr/Postman-1586436510180.tar.gz","name":"Error","message":"EACCES: permission denied, open '/usr/Postman-1586436510180.tar.gz'","stack":"Error: EACCES: permission denied, open '/usr/Postman-1586436510180.tar.gz'"},"updateData":{"packageName":"Postman","eID":"Postman-1586436510180","downloadURL":"https://dl.pstmn.io/download/version/7.22.1/linux_64","downloadDirectory":"/usr","downloadInfo":{"status":"DOWNLOAD_ERROR","error":{"errno":-13,"code":"EACCES","syscall":"open","path":"/usr/Postman-1586436510180.tar.gz"},"downloadDirectory":"/usr"}}}}]
[27965][1586437118998][main][info]["WindowManager~closeHandler - Closed Window (id: 4 )"]
[27965][1586437119015][main][info]["Quitting app"]
[29263][1586437330556][main][info]["Booting Postman 7.18.0, linux-5.5.8-arch1-1 on x64"]
[29263][1586437330559][main][info]["EventBus~initialize - Success"]
[29263][1586437330565][main][info]["UpdateHandler~init - Success"]
[29263][1586437330567][main][info]["RuntimeExecutionService~initialized: Success"]
[29263][1586437330569][main][info]["LinuxAutoUpdater~Cleanup - Initial cleanup successful"]
[29263][1586437330952][main][info]["Bootstrap-models~bootstrap - Success"]
[29263][1586437331600][main][info]["window-manager~newSharedWindow: Shell loaded"]
[29263][1586437337094][main][info]["Main~AppEvents - Received booted event for process shared"]
[29263][1586437342703][main][info]["UpdateHandler~app-update-events - Received event",{"name":"checkForElectronVersionUpdated","namespace":"appUpdate"}]
[29263][1586437342733][main][info]["Main~AppEvents - Received booted event for process requester"]
[29263][1586437353463][main][info]["UpdateHandler~app-update-events - Received event",{"data":{"additionalParamsString":"installationId=e1337969-ab5e-4a9d-accd-930491aa7bed&userId=11022465&syncEnabled=true&teamPlan=","appId":"e1337969-ab5e-4a9d-accd-930491aa7bed","arch":"64","channel":"stable","downloadURL":"https://dl.pstmn.io/download/version/7.22.1/linux_64","downloadVersion":"7.22.1","platform":"LINUX","updateServerDomain":"https://dl.pstmn.io/","userAgent":"Mozilla/5.0 (X11; Linux x86_64) AppleWebKit/537.36 (KHTML, like Gecko) Postman/7.18.0 Chrome/69.0.3497.128 Electron/4.2.12 Safari/537.36","userId":"11022465","version":"7.18.0"},"name":"updateElectron","namespace":"appUpdate"}]
[29263][1586437353464][main][info]["LinuxUpdater~downloadUpdate - UpdateInfo received",{"additionalParamsString":"installationId=e1337969-ab5e-4a9d-accd-930491aa7bed&userId=11022465&syncEnabled=true&teamPlan=","appId":"e1337969-ab5e-4a9d-accd-930491aa7bed","arch":"64","channel":"stable","downloadURL":"https://dl.pstmn.io/download/version/7.22.1/linux_64","downloadVersion":"7.22.1","platform":"LINUX","updateServerDomain":"https://dl.pstmn.io/","userAgent":"Mozilla/5.0 (X11; Linux x86_64) AppleWebKit/537.36 (KHTML, like Gecko) Postman/7.18.0 Chrome/69.0.3497.128 Electron/4.2.12 Safari/537.36","userId":"11022465","version":"7.18.0"}]
[29263][1586437354545][main][info]["@postman/app-updater: error",{"errno":-13,"code":"EACCES","syscall":"open","path":"/usr/Postman-1586437353464.tar.gz","name":"Error","message":"EACCES: permission denied, open '/usr/Postman-1586437353464.tar.gz'","stack":"Error: EACCES: permission denied, open '/usr/Postman-1586437353464.tar.gz'"},{"packageName":"Postman","eID":"Postman-1586437353464","downloadURL":"https://dl.pstmn.io/download/version/7.22.1/linux_64","downloadDirectory":"/usr","downloadInfo":{"status":"DOWNLOAD_ERROR","error":{"errno":-13,"code":"EACCES","syscall":"open","path":"/usr/Postman-1586437353464.tar.gz"},"downloadDirectory":"/usr"}}]
[29263][1586437354548][main][info]["UpdateHandler~app-update-events - Received event",{"name":"electronAppUpdateError","namespace":"appUpdate","data":{"error":{"errno":-13,"code":"EACCES","syscall":"open","path":"/usr/Postman-1586437353464.tar.gz","name":"Error","message":"EACCES: permission denied, open '/usr/Postman-1586437353464.tar.gz'","stack":"Error: EACCES: permission denied, open '/usr/Postman-1586437353464.tar.gz'"},"updateData":{"packageName":"Postman","eID":"Postman-1586437353464","downloadURL":"https://dl.pstmn.io/download/version/7.22.1/linux_64","downloadDirectory":"/usr","downloadInfo":{"status":"DOWNLOAD_ERROR","error":{"errno":-13,"code":"EACCES","syscall":"open","path":"/usr/Postman-1586437353464.tar.gz"},"downloadDirectory":"/usr"}}}}]
[29263][1586947499577][main][info]["WindowManager~closeHandler - Closed Window (id: 3 )"]
[29263][1586947499696][main][info]["Quitting app"]
[35705][1588669439350][main][info]["Booting Postman 7.18.0, linux-5.5.8-arch1-1 on x64"]
[35705][1588669439353][main][info]["EventBus~initialize - Success"]
[35705][1588669439361][main][info]["UpdateHandler~init - Success"]
[35705][1588669439363][main][info]["RuntimeExecutionService~initialized: Success"]
[35705][1588669440354][main][info]["LinuxAutoUpdater~Cleanup - Initial cleanup successful"]
[35705][1588669440639][main][info]["Bootstrap-models~bootstrap - Success"]
[35705][1588669443200][main][info]["window-manager~newSharedWindow: Shell loaded"]
[35705][1588669449081][main][info]["Main~AppEvents - Received booted event for process shared"]
[35705][1588669451993][main][info]["UpdateHandler~app-update-events - Received event",{"name":"checkForElectronVersionUpdated","namespace":"appUpdate"}]
[35705][1588669452013][main][info]["Main~AppEvents - Received booted event for process requester"]
[35705][1588669463023][main][info]["UpdateHandler~app-update-events - Received event",{"data":{"additionalParamsString":"installationId=e1337969-ab5e-4a9d-accd-930491aa7bed&userId=11022465&syncEnabled=true&teamPlan=","appId":"e1337969-ab5e-4a9d-accd-930491aa7bed","arch":"64","channel":"stable","downloadURL":"https://dl.pstmn.io/download/version/7.23.0/linux_64","downloadVersion":"7.23.0","platform":"LINUX","updateServerDomain":"https://dl.pstmn.io/","userAgent":"Mozilla/5.0 (X11; Linux x86_64) AppleWebKit/537.36 (KHTML, like Gecko) Postman/7.18.0 Chrome/69.0.3497.128 Electron/4.2.12 Safari/537.36","userId":"11022465","version":"7.18.0"},"name":"updateElectron","namespace":"appUpdate"}]
[35705][1588669463031][main][info]["LinuxUpdater~downloadUpdate - UpdateInfo received",{"additionalParamsString":"installationId=e1337969-ab5e-4a9d-accd-930491aa7bed&userId=11022465&syncEnabled=true&teamPlan=","appId":"e1337969-ab5e-4a9d-accd-930491aa7bed","arch":"64","channel":"stable","downloadURL":"https://dl.pstmn.io/download/version/7.23.0/linux_64","downloadVersion":"7.23.0","platform":"LINUX","updateServerDomain":"https://dl.pstmn.io/","userAgent":"Mozilla/5.0 (X11; Linux x86_64) AppleWebKit/537.36 (KHTML, like Gecko) Postman/7.18.0 Chrome/69.0.3497.128 Electron/4.2.12 Safari/537.36","userId":"11022465","version":"7.18.0"}]
[35705][1588669464242][main][info]["@postman/app-updater: error",{"errno":-13,"code":"EACCES","syscall":"open","path":"/usr/Postman-1588669463034.tar.gz","name":"Error","message":"EACCES: permission denied, open '/usr/Postman-1588669463034.tar.gz'","stack":"Error: EACCES: permission denied, open '/usr/Postman-1588669463034.tar.gz'"},{"packageName":"Postman","eID":"Postman-1588669463034","downloadURL":"https://dl.pstmn.io/download/version/7.23.0/linux_64","downloadDirectory":"/usr","downloadInfo":{"status":"DOWNLOAD_ERROR","error":{"errno":-13,"code":"EACCES","syscall":"open","path":"/usr/Postman-1588669463034.tar.gz"},"downloadDirectory":"/usr"}}]
[35705][1588669464244][main][info]["UpdateHandler~app-update-events - Received event",{"name":"electronAppUpdateError","namespace":"appUpdate","data":{"error":{"errno":-13,"code":"EACCES","syscall":"open","path":"/usr/Postman-1588669463034.tar.gz","name":"Error","message":"EACCES: permission denied, open '/usr/Postman-1588669463034.tar.gz'","stack":"Error: EACCES: permission denied, open '/usr/Postman-1588669463034.tar.gz'"},"updateData":{"packageName":"Postman","eID":"Postman-1588669463034","downloadURL":"https://dl.pstmn.io/download/version/7.23.0/linux_64","downloadDirectory":"/usr","downloadInfo":{"status":"DOWNLOAD_ERROR","error":{"errno":-13,"code":"EACCES","syscall":"open","path":"/usr/Postman-1588669463034.tar.gz"},"downloadDirectory":"/usr"}}}}]
[35705][1588670012354][main][info]["WindowManager~closeHandler - Closed Window (id: 3 )"]
[35705][1588670012441][main][info]["Quitting app"]
[27176][1590744683717][main][info]["Booting Postman 7.18.0, linux-5.5.8-arch1-1 on x64"]
[27176][1590744683720][main][info]["EventBus~initialize - Success"]
[27176][1590744683727][main][info]["UpdateHandler~init - Success"]
[27176][1590744683729][main][info]["RuntimeExecutionService~initialized: Success"]
[27176][1590744683730][main][info]["LinuxAutoUpdater~Cleanup - Initial cleanup successful"]
[27176][1590744684931][main][info]["Bootstrap-models~bootstrap - Success"]
[27176][1590744687391][main][info]["window-manager~newSharedWindow: Shell loaded"]
[27176][1590744690076][main][info]["Main~AppEvents - Received booted event for process shared"]
[27176][1590744692449][main][info]["UpdateHandler~app-update-events - Received event",{"name":"checkForElectronVersionUpdated","namespace":"appUpdate"}]
[27176][1590744692458][main][info]["Main~AppEvents - Received booted event for process requester"]
[27176][1590744703530][main][info]["UpdateHandler~app-update-events - Received event",{"data":{"additionalParamsString":"installationId=e1337969-ab5e-4a9d-accd-930491aa7bed&userId=11022465&syncEnabled=true&teamPlan=","appId":"e1337969-ab5e-4a9d-accd-930491aa7bed","arch":"64","channel":"stable","downloadURL":"https://dl.pstmn.io/download/version/7.25.0/linux_64","downloadVersion":"7.25.0","platform":"LINUX","updateServerDomain":"https://dl.pstmn.io/","userAgent":"Mozilla/5.0 (X11; Linux x86_64) AppleWebKit/537.36 (KHTML, like Gecko) Postman/7.18.0 Chrome/69.0.3497.128 Electron/4.2.12 Safari/537.36","userId":"11022465","version":"7.18.0"},"name":"updateElectron","namespace":"appUpdate"}]
[27176][1590744703530][main][info]["LinuxUpdater~downloadUpdate - UpdateInfo received",{"additionalParamsString":"installationId=e1337969-ab5e-4a9d-accd-930491aa7bed&userId=11022465&syncEnabled=true&teamPlan=","appId":"e1337969-ab5e-4a9d-accd-930491aa7bed","arch":"64","channel":"stable","downloadURL":"https://dl.pstmn.io/download/version/7.25.0/linux_64","downloadVersion":"7.25.0","platform":"LINUX","updateServerDomain":"https://dl.pstmn.io/","userAgent":"Mozilla/5.0 (X11; Linux x86_64) AppleWebKit/537.36 (KHTML, like Gecko) Postman/7.18.0 Chrome/69.0.3497.128 Electron/4.2.12 Safari/537.36","userId":"11022465","version":"7.18.0"}]
[27176][1590744704352][main][info]["@postman/app-updater: error",{"errno":-13,"code":"EACCES","syscall":"open","path":"/usr/Postman-1590744703531.tar.gz","name":"Error","message":"EACCES: permission denied, open '/usr/Postman-1590744703531.tar.gz'","stack":"Error: EACCES: permission denied, open '/usr/Postman-1590744703531.tar.gz'"},{"packageName":"Postman","eID":"Postman-1590744703531","downloadURL":"https://dl.pstmn.io/download/version/7.25.0/linux_64","downloadDirectory":"/usr","downloadInfo":{"status":"DOWNLOAD_ERROR","error":{"errno":-13,"code":"EACCES","syscall":"open","path":"/usr/Postman-1590744703531.tar.gz"},"downloadDirectory":"/usr"}}]
[27176][1590744704353][main][info]["UpdateHandler~app-update-events - Received event",{"name":"electronAppUpdateError","namespace":"appUpdate","data":{"error":{"errno":-13,"code":"EACCES","syscall":"open","path":"/usr/Postman-1590744703531.tar.gz","name":"Error","message":"EACCES: permission denied, open '/usr/Postman-1590744703531.tar.gz'","stack":"Error: EACCES: permission denied, open '/usr/Postman-1590744703531.tar.gz'"},"updateData":{"packageName":"Postman","eID":"Postman-1590744703531","downloadURL":"https://dl.pstmn.io/download/version/7.25.0/linux_64","downloadDirectory":"/usr","downloadInfo":{"status":"DOWNLOAD_ERROR","error":{"errno":-13,"code":"EACCES","syscall":"open","path":"/usr/Postman-1590744703531.tar.gz"},"downloadDirectory":"/usr"}}}}]
[27176][1590744948802][main][info]["WindowManager~closeHandler - Closed Window (id: 3 )"]
[27176][1590744948830][main][info]["Quitting app"]
[3502][1591346124849][main][info]["Booting Postman 7.18.0, linux-5.5.8-arch1-1 on x64"]
[3502][1591346124855][main][info]["EventBus~initialize - Success"]
[3502][1591346124866][main][info]["UpdateHandler~init - Success"]
[3502][1591346124868][main][info]["RuntimeExecutionService~initialized: Success"]
[3502][1591346124870][main][info]["LinuxAutoUpdater~Cleanup - Initial cleanup successful"]
[3502][1591346132497][main][info]["Bootstrap-models~bootstrap - Success"]
[3502][1591346141872][main][info]["window-manager~newSharedWindow: Shell loaded"]
[3502][1591346153101][main][info]["Main~AppEvents - Received booted event for process shared"]
[3502][1591346157708][main][info]["UpdateHandler~app-update-events - Received event",{"name":"checkForElectronVersionUpdated","namespace":"appUpdate"}]
[3502][1591346157724][main][info]["Main~AppEvents - Received booted event for process requester"]
[3502][1591346168490][main][info]["UpdateHandler~app-update-events - Received event",{"data":{"additionalParamsString":"installationId=e1337969-ab5e-4a9d-accd-930491aa7bed&userId=11022465&syncEnabled=true&teamPlan=","appId":"e1337969-ab5e-4a9d-accd-930491aa7bed","arch":"64","channel":"stable","downloadURL":"https://dl.pstmn.io/download/version/7.25.0/linux_64","downloadVersion":"7.25.0","platform":"LINUX","updateServerDomain":"https://dl.pstmn.io/","userAgent":"Mozilla/5.0 (X11; Linux x86_64) AppleWebKit/537.36 (KHTML, like Gecko) Postman/7.18.0 Chrome/69.0.3497.128 Electron/4.2.12 Safari/537.36","userId":"11022465","version":"7.18.0"},"name":"updateElectron","namespace":"appUpdate"}]
[3502][1591346168490][main][info]["LinuxUpdater~downloadUpdate - UpdateInfo received",{"additionalParamsString":"installationId=e1337969-ab5e-4a9d-accd-930491aa7bed&userId=11022465&syncEnabled=true&teamPlan=","appId":"e1337969-ab5e-4a9d-accd-930491aa7bed","arch":"64","channel":"stable","downloadURL":"https://dl.pstmn.io/download/version/7.25.0/linux_64","downloadVersion":"7.25.0","platform":"LINUX","updateServerDomain":"https://dl.pstmn.io/","userAgent":"Mozilla/5.0 (X11; Linux x86_64) AppleWebKit/537.36 (KHTML, like Gecko) Postman/7.18.0 Chrome/69.0.3497.128 Electron/4.2.12 Safari/537.36","userId":"11022465","version":"7.18.0"}]
[3502][1591346169589][main][info]["@postman/app-updater: error",{"errno":-13,"code":"EACCES","syscall":"open","path":"/usr/Postman-1591346168491.tar.gz","name":"Error","message":"EACCES: permission denied, open '/usr/Postman-1591346168491.tar.gz'","stack":"Error: EACCES: permission denied, open '/usr/Postman-1591346168491.tar.gz'"},{"packageName":"Postman","eID":"Postman-1591346168491","downloadURL":"https://dl.pstmn.io/download/version/7.25.0/linux_64","downloadDirectory":"/usr","downloadInfo":{"status":"DOWNLOAD_ERROR","error":{"errno":-13,"code":"EACCES","syscall":"open","path":"/usr/Postman-1591346168491.tar.gz"},"downloadDirectory":"/usr"}}]
[3502][1591346169592][main][info]["UpdateHandler~app-update-events - Received event",{"name":"electronAppUpdateError","namespace":"appUpdate","data":{"error":{"errno":-13,"code":"EACCES","syscall":"open","path":"/usr/Postman-1591346168491.tar.gz","name":"Error","message":"EACCES: permission denied, open '/usr/Postman-1591346168491.tar.gz'","stack":"Error: EACCES: permission denied, open '/usr/Postman-1591346168491.tar.gz'"},"updateData":{"packageName":"Postman","eID":"Postman-1591346168491","downloadURL":"https://dl.pstmn.io/download/version/7.25.0/linux_64","downloadDirectory":"/usr","downloadInfo":{"status":"DOWNLOAD_ERROR","error":{"errno":-13,"code":"EACCES","syscall":"open","path":"/usr/Postman-1591346168491.tar.gz"},"downloadDirectory":"/usr"}}}}]
[3502][1591348097538][main][info]["WindowManager~closeHandler - Closed Window (id: 3 )"]
[3502][1591348098012][main][info]["Quitting app"]
