[27965][1586436497940][requester][info]["EventBus~initialize - Success"]
[27965][1586436497949][requester][info]["Messaging~boot - Success"]
[27965][1586436498058][requester][info]["bootCrashReporter~ Success"]
[27965][1586436498061][requester][info]["Telemetry~boot - Success"]
[27965][1586436498067][requester][info]["bootConfigurations~initialize - Success"]
[27965][1586436498074][requester][info]["Settings~boot - Success"]
[27965][1586436498287][requester][info]["bootstrapModels - Success"]
[27965][1586436498288][requester][info]["WLModels~boot - Success"]
[27965][1586436498545][requester][info]["Session~boot - Success"]
[27965][1586436498565][requester][info]["IndependentServices~boot - Success"]
[27965][1586436498633][requester][info]["AppModels~boot - Success"]
[27965][1586436498634][requester][info]["RuntimeListeners~boot- Success"]
[27965][1586436498636][requester][info]["DBWatcher~boot - Success"]
[27965][1586436498647][requester][info]["ThemeManager~boot - Success"]
[27965][1586436498649][requester][info]["Store~boot - Success"]
[27965][1586436498655][requester][info]["Shortcuts~boot - Success"]
[27965][1586436498657][requester][info]["SyncProxy~boot - Success"]
[27965][1586436498710][requester][info]["NewConsole~boot - Success"]
[27965][1586436498714][requester][info]["APIDevInterface~boot - Success"]
[27965][1586436498781][requester][info]["Requester~boot - Success"]
[27965][1586436498784][requester][info]["booted - requester"]
[27965][1586436500110][requester][warn]["Failed to subscribe to workspace for all APIs",{"name":"Error","message":"","stack":"Error\n    at SafeSubscriber.realtimeRequest$.pipe.subscribe.event [as _next] (file:///usr/share/postman/app/js/vendor-shared.js:459450:24)\n    at SafeSubscriber.__tryOrUnsub (file:///usr/share/postman/app/js/vendor-shared.js:41999:16)\n    at SafeSubscriber.next (file:///usr/share/postman/app/js/vendor-shared.js:41937:22)\n    at Subscriber._next (file:///usr/share/postman/app/js/vendor-shared.js:41880:26)\n    at Subscriber.next (file:///usr/share/postman/app/js/vendor-shared.js:41857:18)\n    at FilterSubscriber._next (file:///usr/share/postman/app/js/vendor-shared.js:146364:30)\n    at FilterSubscriber.Subscriber.next (file:///usr/share/postman/app/js/vendor-shared.js:41857:18)\n    at RefCountSubscriber.Subscriber._next (file:///usr/share/postman/app/js/vendor-shared.js:41880:26)\n    at RefCountSubscriber.Subscriber.next (file:///usr/share/postman/app/js/vendor-shared.js:41857:18)\n    at Subject.next (file:///usr/share/postman/app/js/vendor-shared.js:76924:25)\n    at ConnectableSubscriber.Subscriber._next (file:///usr/share/postman/app/js/vendor-shared.js:41880:26)\n    at ConnectableSubscriber.Subscriber.next (file:///usr/share/postman/app/js/vendor-shared.js:41857:18)\n    at EventEmitter.realtimeRequestBus.subscribe.event (file:///usr/share/postman/app/js/vendor-shared.js:459397:14)\n    at EventEmitter.emit (file:///usr/share/postman/app/js/vendor-shared.js:50169:5)\n    at _dispatch (file:///usr/share/postman/app/js/vendor-shared.js:144770:14)\n    at EventEmitter.<anonymous> (file:///usr/share/postman/app/js/vendor-shared.js:144780:9)\n    at EventEmitter.emit (events.js:182:13)"}]
[27965][1586436504645][requester][warn]["FeatureFlagsStore~updateFlags: Could not find feature flags",{"error":{"message":"SyncRequestService\\x7erequestListener: Could not fetch from sync. Socket not connected."}}]
[27965][1586436511668][requester][error]["Error in update flow: {\"code\":\"EACCES\",\"errno\":-13,\"message\":\"EACCES: permission denied, open '/usr/Postman-1586436510180.tar.gz'\",\"name\":\"Error\",\"path\":\"/usr/Postman-1586436510180.tar.gz\",\"stack\":\"Error: EACCES: permission denied, open '/usr/Postman-1586436510180.tar.gz'\",\"syscall\":\"open\"}"]
[27965][1586436535621][requester][warn]["Failed to subscribe to workspace for all APIs",{"name":"Error","message":"","stack":"Error\n    at SafeSubscriber.realtimeRequest$.pipe.subscribe.event [as _next] (file:///usr/share/postman/app/js/vendor-shared.js:459450:24)\n    at SafeSubscriber.__tryOrUnsub (file:///usr/share/postman/app/js/vendor-shared.js:41999:16)\n    at SafeSubscriber.next (file:///usr/share/postman/app/js/vendor-shared.js:41937:22)\n    at Subscriber._next (file:///usr/share/postman/app/js/vendor-shared.js:41880:26)\n    at Subscriber.next (file:///usr/share/postman/app/js/vendor-shared.js:41857:18)\n    at FilterSubscriber._next (file:///usr/share/postman/app/js/vendor-shared.js:146364:30)\n    at FilterSubscriber.Subscriber.next (file:///usr/share/postman/app/js/vendor-shared.js:41857:18)\n    at RefCountSubscriber.Subscriber._next (file:///usr/share/postman/app/js/vendor-shared.js:41880:26)\n    at RefCountSubscriber.Subscriber.next (file:///usr/share/postman/app/js/vendor-shared.js:41857:18)\n    at Subject.next (file:///usr/share/postman/app/js/vendor-shared.js:76924:25)\n    at ConnectableSubscriber.Subscriber._next (file:///usr/share/postman/app/js/vendor-shared.js:41880:26)\n    at ConnectableSubscriber.Subscriber.next (file:///usr/share/postman/app/js/vendor-shared.js:41857:18)\n    at EventEmitter.realtimeRequestBus.subscribe.event (file:///usr/share/postman/app/js/vendor-shared.js:459397:14)\n    at EventEmitter.emit (file:///usr/share/postman/app/js/vendor-shared.js:50169:5)\n    at _dispatch (file:///usr/share/postman/app/js/vendor-shared.js:144770:14)\n    at EventEmitter.<anonymous> (file:///usr/share/postman/app/js/vendor-shared.js:144780:9)\n    at EventEmitter.emit (events.js:182:13)"}]
[27965][1586436536160][requester][warn]["APIDevService~getAPIs: Failed to get APIs.",{"error":{"message":"SyncRequestService\\x7erequestListener: Could not fetch from sync. Socket not connected."}}]
[27965][1586436536173][requester][warn]["Failed to refresh API List",{"error":{"message":"SyncRequestService\\x7erequestListener: Could not fetch from sync. Socket not connected."}}]
[27965][1586436536390][requester][warn]["FeatureFlagsStore~updateFlags: Could not find feature flags",{"error":{"message":"SyncRequestService\\x7erequestListener: Could not fetch from sync. Socket not connected."}}]
[29263][1586437341886][requester][info]["EventBus~initialize - Success"]
[29263][1586437341895][requester][info]["Messaging~boot - Success"]
[29263][1586437342009][requester][info]["bootCrashReporter~ Success"]
[29263][1586437342015][requester][info]["Telemetry~boot - Success"]
[29263][1586437342020][requester][info]["bootConfigurations~initialize - Success"]
[29263][1586437342029][requester][info]["Settings~boot - Success"]
[29263][1586437342203][requester][warn]["Error in fetching user information",{"name":"Error","message":"Could not get waterline model for user. ORM not initialized.","stack":"Error: Could not get waterline model for user. ORM not initialized.\n    at Object.getModel (file:///usr/share/postman/app/js/vendor-shared.js:50639:29)\n    at Object.findOne (file:///usr/share/postman/app/js/vendor-shared.js:50701:5)\n    at Object.get (file:///usr/share/postman/app/js/vendor-shared.js:61643:84)\n    at sentry.configureScope.scope (file:///usr/share/postman/app/js/vendor-shared.js:660294:7)\n    at Hub.configureScope (file:///usr/share/postman/app/js/vendor-shared.js:228474:13)\n    at callOnHub (file:///usr/share/postman/app/js/vendor-shared.js:228061:28)\n    at Object.configureScope (file:///usr/share/postman/app/js/vendor-shared.js:228133:5)\n    at Object.setUserScope (file:///usr/share/postman/app/js/vendor-shared.js:660292:17)\n    at Object (file:///usr/share/postman/app/js/vendor-shared.js:660207:134)\n    at processEvent (file:///usr/share/postman/app/js/vendor-shared.js:17392:12)\n    at file:///usr/share/postman/app/js/vendor-shared.js:17402:14\n    at sentryWrapped (file:///usr/share/postman/app/js/vendor-shared.js:226632:27)"}]
[29263][1586437342289][requester][info]["bootstrapModels - Success"]
[29263][1586437342292][requester][info]["WLModels~boot - Success"]
[29263][1586437342495][requester][info]["Session~boot - Success"]
[29263][1586437342524][requester][info]["IndependentServices~boot - Success"]
[29263][1586437342599][requester][info]["AppModels~boot - Success"]
[29263][1586437342600][requester][info]["RuntimeListeners~boot- Success"]
[29263][1586437342602][requester][info]["DBWatcher~boot - Success"]
[29263][1586437342613][requester][info]["ThemeManager~boot - Success"]
[29263][1586437342616][requester][info]["Store~boot - Success"]
[29263][1586437342623][requester][info]["Shortcuts~boot - Success"]
[29263][1586437342625][requester][info]["SyncProxy~boot - Success"]
[29263][1586437342697][requester][info]["NewConsole~boot - Success"]
[29263][1586437342699][requester][info]["APIDevInterface~boot - Success"]
[29263][1586437342724][requester][info]["Requester~boot - Success"]
[29263][1586437342726][requester][info]["booted - requester"]
[29263][1586437354555][requester][error]["Error in update flow: {\"code\":\"EACCES\",\"errno\":-13,\"message\":\"EACCES: permission denied, open '/usr/Postman-1586437353464.tar.gz'\",\"name\":\"Error\",\"path\":\"/usr/Postman-1586437353464.tar.gz\",\"stack\":\"Error: EACCES: permission denied, open '/usr/Postman-1586437353464.tar.gz'\",\"syscall\":\"open\"}"]
[29263][1586947295156][requester][warn]["APIDevService~getAPIs: Failed to get APIs.",{"error":{"type":"Request Timeout"}}]
[29263][1586947295159][requester][warn]["Failed to refresh API List",{"error":{"type":"Request Timeout"}}]
[29263][1586947356387][requester][warn]["Failed to subscribe to workspace for all APIs",{"name":"Error","message":"[object Object]","stack":"Error: [object Object]\n    at SafeSubscriber.realtimeRequest$.pipe.subscribe.event [as _next] (file:///usr/share/postman/app/js/vendor-shared.js:459450:24)\n    at SafeSubscriber.__tryOrUnsub (file:///usr/share/postman/app/js/vendor-shared.js:41999:16)\n    at SafeSubscriber.next (file:///usr/share/postman/app/js/vendor-shared.js:41937:22)\n    at Subscriber._next (file:///usr/share/postman/app/js/vendor-shared.js:41880:26)\n    at Subscriber.next (file:///usr/share/postman/app/js/vendor-shared.js:41857:18)\n    at FilterSubscriber._next (file:///usr/share/postman/app/js/vendor-shared.js:146364:30)\n    at FilterSubscriber.Subscriber.next (file:///usr/share/postman/app/js/vendor-shared.js:41857:18)\n    at RefCountSubscriber.Subscriber._next (file:///usr/share/postman/app/js/vendor-shared.js:41880:26)\n    at RefCountSubscriber.Subscriber.next (file:///usr/share/postman/app/js/vendor-shared.js:41857:18)\n    at Subject.next (file:///usr/share/postman/app/js/vendor-shared.js:76924:25)\n    at ConnectableSubscriber.Subscriber._next (file:///usr/share/postman/app/js/vendor-shared.js:41880:26)\n    at ConnectableSubscriber.Subscriber.next (file:///usr/share/postman/app/js/vendor-shared.js:41857:18)\n    at EventEmitter.realtimeRequestBus.subscribe.event (file:///usr/share/postman/app/js/vendor-shared.js:459397:14)\n    at EventEmitter.emit (file:///usr/share/postman/app/js/vendor-shared.js:50169:5)\n    at _dispatch (file:///usr/share/postman/app/js/vendor-shared.js:144770:14)\n    at EventEmitter.<anonymous> (file:///usr/share/postman/app/js/vendor-shared.js:144780:9)\n    at EventEmitter.emit (events.js:182:13)"}]
[29263][1586947433389][requester][warn]["FeatureFlagsStore~updateFlags: Could not find feature flags",{"error":{"type":"Socket Disconnected"}}]
[35705][1588669451295][requester][info]["EventBus~initialize - Success"]
[35705][1588669451298][requester][info]["Messaging~boot - Success"]
[35705][1588669451369][requester][info]["bootCrashReporter~ Success"]
[35705][1588669451371][requester][info]["Telemetry~boot - Success"]
[35705][1588669451373][requester][info]["bootConfigurations~initialize - Success"]
[35705][1588669451378][requester][info]["Settings~boot - Success"]
[35705][1588669451575][requester][warn]["Error in fetching user information",{"name":"Error","message":"Could not get waterline model for user. ORM not initialized.","stack":"Error: Could not get waterline model for user. ORM not initialized.\n    at Object.getModel (file:///usr/share/postman/app/js/vendor-shared.js:50639:29)\n    at Object.findOne (file:///usr/share/postman/app/js/vendor-shared.js:50701:5)\n    at Object.get (file:///usr/share/postman/app/js/vendor-shared.js:61643:84)\n    at sentry.configureScope.scope (file:///usr/share/postman/app/js/vendor-shared.js:660294:7)\n    at Hub.configureScope (file:///usr/share/postman/app/js/vendor-shared.js:228474:13)\n    at callOnHub (file:///usr/share/postman/app/js/vendor-shared.js:228061:28)\n    at Object.configureScope (file:///usr/share/postman/app/js/vendor-shared.js:228133:5)\n    at Object.setUserScope (file:///usr/share/postman/app/js/vendor-shared.js:660292:17)\n    at Object (file:///usr/share/postman/app/js/vendor-shared.js:660207:134)\n    at processEvent (file:///usr/share/postman/app/js/vendor-shared.js:17392:12)\n    at file:///usr/share/postman/app/js/vendor-shared.js:17402:14\n    at sentryWrapped (file:///usr/share/postman/app/js/vendor-shared.js:226632:27)"}]
[35705][1588669451642][requester][info]["bootstrapModels - Success"]
[35705][1588669451645][requester][info]["WLModels~boot - Success"]
[35705][1588669451818][requester][info]["Session~boot - Success"]
[35705][1588669451838][requester][info]["IndependentServices~boot - Success"]
[35705][1588669451894][requester][info]["AppModels~boot - Success"]
[35705][1588669451895][requester][info]["RuntimeListeners~boot- Success"]
[35705][1588669451895][requester][info]["DBWatcher~boot - Success"]
[35705][1588669451902][requester][info]["ThemeManager~boot - Success"]
[35705][1588669451904][requester][info]["Store~boot - Success"]
[35705][1588669451908][requester][info]["Shortcuts~boot - Success"]
[35705][1588669451910][requester][info]["SyncProxy~boot - Success"]
[35705][1588669451983][requester][info]["NewConsole~boot - Success"]
[35705][1588669451985][requester][info]["APIDevInterface~boot - Success"]
[35705][1588669452008][requester][info]["Requester~boot - Success"]
[35705][1588669452009][requester][info]["booted - requester"]
[35705][1588669452885][requester][warn]["Failed to subscribe to workspace for all APIs",{"name":"Error","message":"","stack":"Error\n    at SafeSubscriber.realtimeRequest$.pipe.subscribe.event [as _next] (file:///usr/share/postman/app/js/vendor-shared.js:459450:24)\n    at SafeSubscriber.__tryOrUnsub (file:///usr/share/postman/app/js/vendor-shared.js:41999:16)\n    at SafeSubscriber.next (file:///usr/share/postman/app/js/vendor-shared.js:41937:22)\n    at Subscriber._next (file:///usr/share/postman/app/js/vendor-shared.js:41880:26)\n    at Subscriber.next (file:///usr/share/postman/app/js/vendor-shared.js:41857:18)\n    at FilterSubscriber._next (file:///usr/share/postman/app/js/vendor-shared.js:146364:30)\n    at FilterSubscriber.Subscriber.next (file:///usr/share/postman/app/js/vendor-shared.js:41857:18)\n    at RefCountSubscriber.Subscriber._next (file:///usr/share/postman/app/js/vendor-shared.js:41880:26)\n    at RefCountSubscriber.Subscriber.next (file:///usr/share/postman/app/js/vendor-shared.js:41857:18)\n    at Subject.next (file:///usr/share/postman/app/js/vendor-shared.js:76924:25)\n    at ConnectableSubscriber.Subscriber._next (file:///usr/share/postman/app/js/vendor-shared.js:41880:26)\n    at ConnectableSubscriber.Subscriber.next (file:///usr/share/postman/app/js/vendor-shared.js:41857:18)\n    at EventEmitter.realtimeRequestBus.subscribe.event (file:///usr/share/postman/app/js/vendor-shared.js:459397:14)\n    at EventEmitter.emit (file:///usr/share/postman/app/js/vendor-shared.js:50169:5)\n    at _dispatch (file:///usr/share/postman/app/js/vendor-shared.js:144770:14)\n    at EventEmitter.<anonymous> (file:///usr/share/postman/app/js/vendor-shared.js:144780:9)\n    at EventEmitter.emit (events.js:182:13)"}]
[35705][1588669453961][requester][warn]["APIDevService~getAPIs: Failed to get APIs.",{"error":{"message":"SyncRequestService\\x7erequestListener: Could not fetch from sync. Socket not connected."}}]
[35705][1588669453964][requester][warn]["Failed to refresh API List",{"error":{"message":"SyncRequestService\\x7erequestListener: Could not fetch from sync. Socket not connected."}}]
[35705][1588669464251][requester][error]["Error in update flow: {\"code\":\"EACCES\",\"errno\":-13,\"message\":\"EACCES: permission denied, open '/usr/Postman-1588669463034.tar.gz'\",\"name\":\"Error\",\"path\":\"/usr/Postman-1588669463034.tar.gz\",\"stack\":\"Error: EACCES: permission denied, open '/usr/Postman-1588669463034.tar.gz'\",\"syscall\":\"open\"}"]
[27176][1590744692158][requester][info]["EventBus~initialize - Success"]
[27176][1590744692161][requester][info]["Messaging~boot - Success"]
[27176][1590744692240][requester][info]["bootCrashReporter~ Success"]
[27176][1590744692244][requester][info]["Telemetry~boot - Success"]
[27176][1590744692247][requester][info]["bootConfigurations~initialize - Success"]
[27176][1590744692250][requester][info]["Settings~boot - Success"]
[27176][1590744692306][requester][warn]["Error in fetching user information",{"name":"Error","message":"Could not get waterline model for user. ORM not initialized.","stack":"Error: Could not get waterline model for user. ORM not initialized.\n    at Object.getModel (file:///usr/share/postman/app/js/vendor-shared.js:50639:29)\n    at Object.findOne (file:///usr/share/postman/app/js/vendor-shared.js:50701:5)\n    at Object.get (file:///usr/share/postman/app/js/vendor-shared.js:61643:84)\n    at sentry.configureScope.scope (file:///usr/share/postman/app/js/vendor-shared.js:660294:7)\n    at Hub.configureScope (file:///usr/share/postman/app/js/vendor-shared.js:228474:13)\n    at callOnHub (file:///usr/share/postman/app/js/vendor-shared.js:228061:28)\n    at Object.configureScope (file:///usr/share/postman/app/js/vendor-shared.js:228133:5)\n    at Object.setUserScope (file:///usr/share/postman/app/js/vendor-shared.js:660292:17)\n    at Object (file:///usr/share/postman/app/js/vendor-shared.js:660207:134)\n    at processEvent (file:///usr/share/postman/app/js/vendor-shared.js:17392:12)\n    at file:///usr/share/postman/app/js/vendor-shared.js:17402:14\n    at sentryWrapped (file:///usr/share/postman/app/js/vendor-shared.js:226632:27)"}]
[27176][1590744692315][requester][info]["bootstrapModels - Success"]
[27176][1590744692316][requester][info]["WLModels~boot - Success"]
[27176][1590744692357][requester][info]["Session~boot - Success"]
[27176][1590744692362][requester][info]["IndependentServices~boot - Success"]
[27176][1590744692379][requester][info]["AppModels~boot - Success"]
[27176][1590744692379][requester][info]["RuntimeListeners~boot- Success"]
[27176][1590744692380][requester][info]["DBWatcher~boot - Success"]
[27176][1590744692383][requester][info]["ThemeManager~boot - Success"]
[27176][1590744692384][requester][info]["Store~boot - Success"]
[27176][1590744692387][requester][info]["Shortcuts~boot - Success"]
[27176][1590744692388][requester][info]["SyncProxy~boot - Success"]
[27176][1590744692443][requester][info]["NewConsole~boot - Success"]
[27176][1590744692444][requester][info]["APIDevInterface~boot - Success"]
[27176][1590744692455][requester][info]["Requester~boot - Success"]
[27176][1590744692456][requester][info]["booted - requester"]
[27176][1590744695019][requester][warn]["FeatureFlagsStore~updateFlags: Could not find feature flags",{"error":{"message":"SyncRequestService\\x7erequestListener: Could not fetch from sync. Socket not connected."}}]
[27176][1590744704363][requester][error]["Error in update flow: {\"code\":\"EACCES\",\"errno\":-13,\"message\":\"EACCES: permission denied, open '/usr/Postman-1590744703531.tar.gz'\",\"name\":\"Error\",\"path\":\"/usr/Postman-1590744703531.tar.gz\",\"stack\":\"Error: EACCES: permission denied, open '/usr/Postman-1590744703531.tar.gz'\",\"syscall\":\"open\"}"]
[3502][1591346156635][requester][info]["EventBus~initialize - Success"]
[3502][1591346156638][requester][info]["Messaging~boot - Success"]
[3502][1591346156901][requester][info]["bootCrashReporter~ Success"]
[3502][1591346156907][requester][info]["Telemetry~boot - Success"]
[3502][1591346156908][requester][info]["bootConfigurations~initialize - Success"]
[3502][1591346156913][requester][info]["Settings~boot - Success"]
[3502][1591346157076][requester][info]["bootstrapModels - Success"]
[3502][1591346157076][requester][info]["WLModels~boot - Success"]
[3502][1591346157490][requester][info]["Session~boot - Success"]
[3502][1591346157494][requester][info]["IndependentServices~boot - Success"]
[3502][1591346157541][requester][info]["AppModels~boot - Success"]
[3502][1591346157544][requester][info]["RuntimeListeners~boot- Success"]
[3502][1591346157546][requester][info]["DBWatcher~boot - Success"]
[3502][1591346157559][requester][info]["ThemeManager~boot - Success"]
[3502][1591346157561][requester][info]["Store~boot - Success"]
[3502][1591346157565][requester][info]["Shortcuts~boot - Success"]
[3502][1591346157566][requester][info]["SyncProxy~boot - Success"]
[3502][1591346157703][requester][info]["NewConsole~boot - Success"]
[3502][1591346157704][requester][info]["APIDevInterface~boot - Success"]
[3502][1591346157718][requester][info]["Requester~boot - Success"]
[3502][1591346157719][requester][info]["booted - requester"]
[3502][1591346169600][requester][error]["Error in update flow: {\"code\":\"EACCES\",\"errno\":-13,\"message\":\"EACCES: permission denied, open '/usr/Postman-1591346168491.tar.gz'\",\"name\":\"Error\",\"path\":\"/usr/Postman-1591346168491.tar.gz\",\"stack\":\"Error: EACCES: permission denied, open '/usr/Postman-1591346168491.tar.gz'\",\"syscall\":\"open\"}"]
