[27965][1586436483843][shell][info]["EventBus~initialize - Success"]
[27965][1586436483916][shell][info]["bootShellCrashReporter~ Success"]
[27965][1586436483931][shell][info]["shellController~init: Success"]
[27965][1586436483933][shell][info]["shellMeta~init: Success"]
[27965][1586436484118][shell][info]["init~setViewAttributes - Initializing view with opts:",{"devtools":false,"id":2,"startTime":1586436480388,"type":"shared","partitionId":"default"}]
[27965][1586436484127][shell][info]["init~setViewAttributes - Success"]
[27965][1586436493116][shell][info]["EventBus~initialize - Success"]
[27965][1586436493150][shell][info]["bootShellCrashReporter~ Success"]
[27965][1586436493163][shell][info]["shellController~init: Success"]
[27965][1586436493166][shell][info]["shellMeta~init: Success"]
[27965][1586436493238][shell][info]["init~setViewAttributes - Initializing view with opts:",{"allIds":[4],"devtools":false,"id":4,"primaryId":4,"startTime":1586436492262,"type":"requester","partitionId":"default"}]
[27965][1586436493246][shell][info]["init~setViewAttributes - Success"]
[29263][1586437331529][shell][info]["EventBus~initialize - Success"]
[29263][1586437331565][shell][info]["bootShellCrashReporter~ Success"]
[29263][1586437331570][shell][info]["shellController~init: Success"]
[29263][1586437331572][shell][info]["shellMeta~init: Success"]
[29263][1586437331649][shell][info]["init~setViewAttributes - Initializing view with opts:",{"devtools":false,"id":2,"startTime":1586437330673,"type":"shared","partitionId":"default"}]
[29263][1586437331653][shell][info]["init~setViewAttributes - Success"]
[29263][1586437337713][shell][info]["EventBus~initialize - Success"]
[29263][1586437337724][shell][info]["bootShellCrashReporter~ Success"]
[29263][1586437337729][shell][info]["shellController~init: Success"]
[29263][1586437337729][shell][info]["shellMeta~init: Success"]
[29263][1586437337750][shell][info]["init~setViewAttributes - Initializing view with opts:",{"allIds":[3],"devtools":false,"id":3,"primaryId":3,"startTime":1586437337214,"type":"requester","partitionId":"default"}]
[29263][1586437337751][shell][info]["init~setViewAttributes - Success"]
[35705][1588669443075][shell][info]["EventBus~initialize - Success"]
[35705][1588669443108][shell][info]["bootShellCrashReporter~ Success"]
[35705][1588669443114][shell][info]["shellController~init: Success"]
[35705][1588669443115][shell][info]["shellMeta~init: Success"]
[35705][1588669443237][shell][info]["init~setViewAttributes - Initializing view with opts:",{"devtools":false,"id":2,"startTime":1588669440038,"type":"shared","partitionId":"default"}]
[35705][1588669443242][shell][info]["init~setViewAttributes - Success"]
[35705][1588669449869][shell][info]["EventBus~initialize - Success"]
[35705][1588669449879][shell][info]["bootShellCrashReporter~ Success"]
[35705][1588669449882][shell][info]["shellController~init: Success"]
[35705][1588669449883][shell][info]["shellMeta~init: Success"]
[35705][1588669449904][shell][info]["init~setViewAttributes - Initializing view with opts:",{"allIds":[3],"devtools":false,"id":3,"primaryId":3,"startTime":1588669449229,"type":"requester","partitionId":"default"}]
[35705][1588669449906][shell][info]["init~setViewAttributes - Success"]
[27176][1590744687322][shell][info]["EventBus~initialize - Success"]
[27176][1590744687336][shell][info]["bootShellCrashReporter~ Success"]
[27176][1590744687338][shell][info]["shellController~init: Success"]
[27176][1590744687338][shell][info]["shellMeta~init: Success"]
[27176][1590744687424][shell][info]["init~setViewAttributes - Initializing view with opts:",{"devtools":false,"id":2,"startTime":1590744684179,"type":"shared","partitionId":"default"}]
[27176][1590744687426][shell][info]["init~setViewAttributes - Success"]
[27176][1590744690677][shell][info]["EventBus~initialize - Success"]
[27176][1590744690686][shell][info]["bootShellCrashReporter~ Success"]
[27176][1590744690688][shell][info]["shellController~init: Success"]
[27176][1590744690689][shell][info]["shellMeta~init: Success"]
[27176][1590744690708][shell][info]["init~setViewAttributes - Initializing view with opts:",{"allIds":[3],"devtools":false,"id":3,"primaryId":3,"startTime":1590744690172,"type":"requester","partitionId":"default"}]
[27176][1590744690709][shell][info]["init~setViewAttributes - Success"]
[3502][1591346141416][shell][info]["EventBus~initialize - Success"]
[3502][1591346141556][shell][info]["bootShellCrashReporter~ Success"]
[3502][1591346141564][shell][info]["shellController~init: Success"]
[3502][1591346141565][shell][info]["shellMeta~init: Success"]
[3502][1591346141905][shell][info]["init~setViewAttributes - Initializing view with opts:",{"devtools":false,"id":2,"startTime":1591346128921,"type":"shared","partitionId":"default"}]
[3502][1591346141907][shell][info]["init~setViewAttributes - Success"]
[3502][1591346153825][shell][info]["EventBus~initialize - Success"]
[3502][1591346153840][shell][info]["bootShellCrashReporter~ Success"]
[3502][1591346153843][shell][info]["shellController~init: Success"]
[3502][1591346153844][shell][info]["shellMeta~init: Success"]
[3502][1591346153872][shell][info]["init~setViewAttributes - Initializing view with opts:",{"allIds":[3],"devtools":false,"id":3,"primaryId":3,"startTime":1591346153252,"type":"requester","partitionId":"default"}]
[3502][1591346153874][shell][info]["init~setViewAttributes - Success"]
